<?xml version="1.0" encoding="UTF-8"?>
<coverage generated="1678415862133" clover="3.2.0">
  <project timestamp="1678415862133" name="All files">
    <metrics statements="38" coveredstatements="36" conditionals="10" coveredconditionals="8" methods="7" coveredmethods="6" elements="55" coveredelements="50" complexity="0" loc="38" ncloc="38" packages="3" files="8" classes="8"/>
    <package name="UILibrary.Buttons.Button">
      <metrics statements="13" coveredstatements="11" conditionals="8" coveredconditionals="7" methods="4" coveredmethods="3"/>
      <file name="Button.Enum.ts" path="/Users/adam/Documents/webdev/websites/voiceFlow/adams-component-library/src/UILibrary/Buttons/Button/Button.Enum.ts">
        <metrics statements="0" coveredstatements="0" conditionals="0" coveredconditionals="0" methods="0" coveredmethods="0"/>
      </file>
      <file name="Button.styles.tsx" path="/Users/adam/Documents/webdev/websites/voiceFlow/adams-component-library/src/UILibrary/Buttons/Button/Button.styles.tsx">
        <metrics statements="2" coveredstatements="2" conditionals="0" coveredconditionals="0" methods="0" coveredmethods="0"/>
        <line num="7" count="1" type="stmt"/>
        <line num="27" count="1" type="stmt"/>
      </file>
      <file name="Button.tsx" path="/Users/adam/Documents/webdev/websites/voiceFlow/adams-component-library/src/UILibrary/Buttons/Button/Button.tsx">
        <metrics statements="11" coveredstatements="9" conditionals="8" coveredconditionals="7" methods="4" coveredmethods="3"/>
        <line num="16" count="1" type="stmt"/>
        <line num="17" count="4" type="stmt"/>
        <line num="18" count="4" type="stmt"/>
        <line num="20" count="4" type="stmt"/>
        <line num="21" count="3" type="stmt"/>
        <line num="24" count="4" type="stmt"/>
        <line num="25" count="3" type="cond" truecount="3" falsecount="1"/>
        <line num="26" count="3" type="cond" truecount="2" falsecount="0"/>
        <line num="28" count="0" type="stmt"/>
        <line num="29" count="0" type="stmt"/>
        <line num="34" count="4" type="stmt"/>
      </file>
    </package>
    <package name="UILibrary.Loaders">
      <metrics statements="9" coveredstatements="9" conditionals="2" coveredconditionals="1" methods="3" coveredmethods="3"/>
      <file name="LoadingDot.tsx" path="/Users/adam/Documents/webdev/websites/voiceFlow/adams-component-library/src/UILibrary/Loaders/LoadingDot.tsx">
        <metrics statements="5" coveredstatements="5" conditionals="1" coveredconditionals="0" methods="2" coveredmethods="2"/>
        <line num="11" count="1" type="stmt"/>
        <line num="17" count="3" type="stmt"/>
        <line num="34" count="1" type="cond" truecount="0" falsecount="1"/>
        <line num="35" count="3" type="stmt"/>
        <line num="36" count="3" type="stmt"/>
      </file>
      <file name="LoadingDots.tsx" path="/Users/adam/Documents/webdev/websites/voiceFlow/adams-component-library/src/UILibrary/Loaders/LoadingDots.tsx">
        <metrics statements="4" coveredstatements="4" conditionals="1" coveredconditionals="1" methods="1" coveredmethods="1"/>
        <line num="7" count="1" type="stmt"/>
        <line num="21" count="1" type="cond" truecount="1" falsecount="0"/>
        <line num="22" count="1" type="stmt"/>
        <line num="24" count="1" type="stmt"/>
      </file>
    </package>
    <package name="constants">
      <metrics statements="16" coveredstatements="16" conditionals="0" coveredconditionals="0" methods="0" coveredmethods="0"/>
      <file name="CSS.constants.ts" path="/Users/adam/Documents/webdev/websites/voiceFlow/adams-component-library/src/constants/CSS.constants.ts">
        <metrics statements="1" coveredstatements="1" conditionals="0" coveredconditionals="0" methods="0" coveredmethods="0"/>
        <line num="2" count="1" type="stmt"/>
      </file>
      <file name="Colours.constants.ts" path="/Users/adam/Documents/webdev/websites/voiceFlow/adams-component-library/src/constants/Colours.constants.ts">
        <metrics statements="10" coveredstatements="10" conditionals="0" coveredconditionals="0" methods="0" coveredmethods="0"/>
        <line num="1" count="1" type="stmt"/>
        <line num="2" count="1" type="stmt"/>
        <line num="3" count="1" type="stmt"/>
        <line num="4" count="1" type="stmt"/>
        <line num="5" count="1" type="stmt"/>
        <line num="6" count="1" type="stmt"/>
        <line num="7" count="1" type="stmt"/>
        <line num="8" count="1" type="stmt"/>
        <line num="9" count="1" type="stmt"/>
        <line num="10" count="1" type="stmt"/>
      </file>
      <file name="UI.constants.ts" path="/Users/adam/Documents/webdev/websites/voiceFlow/adams-component-library/src/constants/UI.constants.ts">
        <metrics statements="5" coveredstatements="5" conditionals="0" coveredconditionals="0" methods="0" coveredmethods="0"/>
        <line num="1" count="1" type="stmt"/>
        <line num="2" count="1" type="stmt"/>
        <line num="3" count="1" type="stmt"/>
        <line num="4" count="1" type="stmt"/>
        <line num="5" count="1" type="stmt"/>
      </file>
    </package>
  </project>
</coverage>
