<?xml version="1.0" encoding="UTF-8"?>
<coverage generated="1678568578791" clover="3.2.0">
  <project timestamp="1678568578791" name="All files">
    <metrics statements="135" coveredstatements="93" conditionals="62" coveredconditionals="24" methods="47" coveredmethods="25" elements="244" coveredelements="142" complexity="0" loc="135" ncloc="135" packages="7" files="18" classes="18"/>
    <package name="Helpers">
      <metrics statements="21" coveredstatements="7" conditionals="14" coveredconditionals="2" methods="6" coveredmethods="2"/>
      <file name="makeStyles.tsx" path="/Users/adam/Documents/webdev/websites/voiceFlow/adams-component-library/src/Helpers/makeStyles.tsx">
        <metrics statements="21" coveredstatements="7" conditionals="14" coveredconditionals="2" methods="6" coveredmethods="2"/>
        <line num="4" count="3" type="stmt"/>
        <line num="5" count="0" type="cond" truecount="0" falsecount="2"/>
        <line num="6" count="0" type="stmt"/>
        <line num="8" count="0" type="cond" truecount="0" falsecount="2"/>
        <line num="9" count="0" type="stmt"/>
        <line num="11" count="0" type="cond" truecount="0" falsecount="2"/>
        <line num="12" count="0" type="stmt"/>
        <line num="14" count="0" type="cond" truecount="0" falsecount="2"/>
        <line num="15" count="0" type="stmt"/>
        <line num="17" count="0" type="cond" truecount="0" falsecount="2"/>
        <line num="18" count="0" type="stmt"/>
        <line num="20" count="0" type="stmt"/>
        <line num="23" count="10" type="stmt"/>
        <line num="24" count="0" type="cond" truecount="0" falsecount="1"/>
        <line num="26" count="0" type="stmt"/>
        <line num="27" count="0" type="stmt"/>
        <line num="55" count="3" type="stmt"/>
        <line num="58" count="3" type="cond" truecount="1" falsecount="0"/>
        <line num="59" count="10" type="stmt"/>
        <line num="61" count="10" type="cond" truecount="1" falsecount="1"/>
        <line num="64" count="3" type="stmt"/>
      </file>
    </package>
    <package name="Screens.DocumentManager">
      <metrics statements="21" coveredstatements="18" conditionals="12" coveredconditionals="8" methods="9" coveredmethods="7"/>
      <file name="DocumentManager.styles.tsx" path="/Users/adam/Documents/webdev/websites/voiceFlow/adams-component-library/src/Screens/DocumentManager/DocumentManager.styles.tsx">
        <metrics statements="2" coveredstatements="2" conditionals="4" coveredconditionals="4" methods="1" coveredmethods="1"/>
        <line num="4" count="1" type="stmt"/>
        <line num="5" count="3" type="stmt"/>
      </file>
      <file name="DocumentManager.tsx" path="/Users/adam/Documents/webdev/websites/voiceFlow/adams-component-library/src/Screens/DocumentManager/DocumentManager.tsx">
        <metrics statements="19" coveredstatements="16" conditionals="8" coveredconditionals="4" methods="8" coveredmethods="6"/>
        <line num="12" count="3" type="stmt"/>
        <line num="13" count="3" type="stmt"/>
        <line num="14" count="3" type="stmt"/>
        <line num="15" count="3" type="stmt"/>
        <line num="17" count="3" type="stmt"/>
        <line num="18" count="2" type="stmt"/>
        <line num="19" count="0" type="cond" truecount="0" falsecount="4"/>
        <line num="20" count="0" type="stmt"/>
        <line num="21" count="0" type="stmt"/>
        <line num="24" count="2" type="stmt"/>
        <line num="25" count="2" type="stmt"/>
        <line num="26" count="2" type="stmt"/>
        <line num="30" count="3" type="stmt"/>
        <line num="31" count="1" type="stmt"/>
        <line num="32" count="1" type="stmt"/>
        <line num="35" count="3" type="stmt"/>
        <line num="39" count="3" type="stmt"/>
        <line num="43" count="6" type="cond" truecount="2" falsecount="0"/>
        <line num="44" count="1" type="stmt"/>
      </file>
    </package>
    <package name="UILibrary.Buttons.Button">
      <metrics statements="15" coveredstatements="13" conditionals="14" coveredconditionals="11" methods="5" coveredmethods="4"/>
      <file name="Button.Enum.ts" path="/Users/adam/Documents/webdev/websites/voiceFlow/adams-component-library/src/UILibrary/Buttons/Button/Button.Enum.ts">
        <metrics statements="0" coveredstatements="0" conditionals="0" coveredconditionals="0" methods="0" coveredmethods="0"/>
      </file>
      <file name="Button.styles.tsx" path="/Users/adam/Documents/webdev/websites/voiceFlow/adams-component-library/src/UILibrary/Buttons/Button/Button.styles.tsx">
        <metrics statements="2" coveredstatements="2" conditionals="0" coveredconditionals="0" methods="1" coveredmethods="1"/>
        <line num="17" count="1" type="stmt"/>
        <line num="18" count="4" type="stmt"/>
      </file>
      <file name="Button.tsx" path="/Users/adam/Documents/webdev/websites/voiceFlow/adams-component-library/src/UILibrary/Buttons/Button/Button.tsx">
        <metrics statements="13" coveredstatements="11" conditionals="14" coveredconditionals="11" methods="4" coveredmethods="3"/>
        <line num="18" count="1" type="stmt"/>
        <line num="19" count="4" type="stmt"/>
        <line num="20" count="4" type="stmt"/>
        <line num="21" count="4" type="cond" truecount="1" falsecount="1"/>
        <line num="22" count="4" type="cond" truecount="1" falsecount="1"/>
        <line num="24" count="4" type="stmt"/>
        <line num="25" count="3" type="stmt"/>
        <line num="28" count="4" type="stmt"/>
        <line num="29" count="3" type="cond" truecount="3" falsecount="1"/>
        <line num="30" count="3" type="cond" truecount="2" falsecount="0"/>
        <line num="32" count="0" type="stmt"/>
        <line num="33" count="0" type="stmt"/>
        <line num="38" count="4" type="stmt"/>
      </file>
    </package>
    <package name="UILibrary.Image">
      <metrics statements="5" coveredstatements="5" conditionals="0" coveredconditionals="0" methods="2" coveredmethods="2"/>
      <file name="Image.Enum.ts" path="/Users/adam/Documents/webdev/websites/voiceFlow/adams-component-library/src/UILibrary/Image/Image.Enum.ts">
        <metrics statements="0" coveredstatements="0" conditionals="0" coveredconditionals="0" methods="0" coveredmethods="0"/>
      </file>
      <file name="Image.styles.tsx" path="/Users/adam/Documents/webdev/websites/voiceFlow/adams-component-library/src/UILibrary/Image/Image.styles.tsx">
        <metrics statements="2" coveredstatements="2" conditionals="0" coveredconditionals="0" methods="1" coveredmethods="1"/>
        <line num="3" count="1" type="stmt"/>
        <line num="4" count="3" type="stmt"/>
      </file>
      <file name="Image.tsx" path="/Users/adam/Documents/webdev/websites/voiceFlow/adams-component-library/src/UILibrary/Image/Image.tsx">
        <metrics statements="3" coveredstatements="3" conditionals="0" coveredconditionals="0" methods="1" coveredmethods="1"/>
        <line num="9" count="1" type="stmt"/>
        <line num="10" count="3" type="stmt"/>
        <line num="12" count="3" type="stmt"/>
      </file>
    </package>
    <package name="UILibrary.Loaders">
      <metrics statements="9" coveredstatements="9" conditionals="2" coveredconditionals="0" methods="3" coveredmethods="3"/>
      <file name="LoadingDot.tsx" path="/Users/adam/Documents/webdev/websites/voiceFlow/adams-component-library/src/UILibrary/Loaders/LoadingDot.tsx">
        <metrics statements="5" coveredstatements="5" conditionals="1" coveredconditionals="0" methods="2" coveredmethods="2"/>
        <line num="11" count="1" type="stmt"/>
        <line num="17" count="3" type="stmt"/>
        <line num="34" count="1" type="cond" truecount="0" falsecount="1"/>
        <line num="35" count="3" type="stmt"/>
        <line num="36" count="3" type="stmt"/>
      </file>
      <file name="LoadingDots.tsx" path="/Users/adam/Documents/webdev/websites/voiceFlow/adams-component-library/src/UILibrary/Loaders/LoadingDots.tsx">
        <metrics statements="4" coveredstatements="4" conditionals="1" coveredconditionals="0" methods="1" coveredmethods="1"/>
        <line num="7" count="1" type="stmt"/>
        <line num="21" count="1" type="cond" truecount="0" falsecount="1"/>
        <line num="22" count="1" type="stmt"/>
        <line num="24" count="1" type="stmt"/>
      </file>
    </package>
    <package name="__stdlib">
      <metrics statements="45" coveredstatements="22" conditionals="20" coveredconditionals="3" methods="22" coveredmethods="7"/>
      <file name="components.tsx" path="/Users/adam/Documents/webdev/websites/voiceFlow/adams-component-library/src/__stdlib/components.tsx">
        <metrics statements="37" coveredstatements="14" conditionals="20" coveredconditionals="3" methods="22" coveredmethods="7"/>
        <line num="8" count="1" type="stmt"/>
        <line num="9" count="6" type="stmt"/>
        <line num="10" count="1" type="stmt"/>
        <line num="24" count="1" type="stmt"/>
        <line num="25" count="2" type="stmt"/>
        <line num="36" count="1" type="stmt"/>
        <line num="37" count="1" type="stmt"/>
        <line num="38" count="0" type="stmt"/>
        <line num="42" count="1" type="stmt"/>
        <line num="43" count="1" type="stmt"/>
        <line num="47" count="0" type="stmt"/>
        <line num="48" count="0" type="stmt"/>
        <line num="56" count="1" type="stmt"/>
        <line num="65" count="1" type="cond" truecount="1" falsecount="7"/>
        <line num="67" count="1" type="stmt"/>
        <line num="69" count="0" type="stmt"/>
        <line num="74" count="0" type="stmt"/>
        <line num="76" count="0" type="stmt"/>
        <line num="81" count="0" type="stmt"/>
        <line num="85" count="0" type="stmt"/>
        <line num="92" count="0" type="stmt"/>
        <line num="99" count="0" type="stmt"/>
        <line num="101" count="0" type="stmt"/>
        <line num="107" count="0" type="stmt"/>
        <line num="109" count="0" type="stmt"/>
        <line num="110" count="0" type="stmt"/>
        <line num="115" count="0" type="stmt"/>
        <line num="117" count="0" type="stmt"/>
        <line num="121" count="0" type="stmt"/>
        <line num="123" count="0" type="stmt"/>
        <line num="124" count="0" type="stmt"/>
        <line num="129" count="0" type="stmt"/>
        <line num="131" count="0" type="stmt"/>
        <line num="136" count="0" type="stmt"/>
        <line num="140" count="1" type="stmt"/>
        <line num="149" count="1" type="stmt"/>
        <line num="155" count="0" type="stmt"/>
      </file>
      <file name="data.ts" path="/Users/adam/Documents/webdev/websites/voiceFlow/adams-component-library/src/__stdlib/data.ts">
        <metrics statements="0" coveredstatements="0" conditionals="0" coveredconditionals="0" methods="0" coveredmethods="0"/>
      </file>
      <file name="fixtures.ts" path="/Users/adam/Documents/webdev/websites/voiceFlow/adams-component-library/src/__stdlib/fixtures.ts">
        <metrics statements="8" coveredstatements="8" conditionals="0" coveredconditionals="0" methods="0" coveredmethods="0"/>
        <line num="8" count="1" type="stmt"/>
        <line num="17" count="1" type="stmt"/>
        <line num="27" count="1" type="stmt"/>
        <line num="37" count="1" type="stmt"/>
        <line num="47" count="1" type="stmt"/>
        <line num="56" count="1" type="stmt"/>
        <line num="65" count="1" type="stmt"/>
        <line num="74" count="1" type="stmt"/>
      </file>
      <file name="index.ts" path="/Users/adam/Documents/webdev/websites/voiceFlow/adams-component-library/src/__stdlib/index.ts">
        <metrics statements="0" coveredstatements="0" conditionals="0" coveredconditionals="0" methods="0" coveredmethods="0"/>
      </file>
    </package>
    <package name="constants">
      <metrics statements="19" coveredstatements="19" conditionals="0" coveredconditionals="0" methods="0" coveredmethods="0"/>
      <file name="CSS.constants.ts" path="/Users/adam/Documents/webdev/websites/voiceFlow/adams-component-library/src/constants/CSS.constants.ts">
        <metrics statements="1" coveredstatements="1" conditionals="0" coveredconditionals="0" methods="0" coveredmethods="0"/>
        <line num="2" count="1" type="stmt"/>
      </file>
      <file name="Colours.constants.ts" path="/Users/adam/Documents/webdev/websites/voiceFlow/adams-component-library/src/constants/Colours.constants.ts">
        <metrics statements="13" coveredstatements="13" conditionals="0" coveredconditionals="0" methods="0" coveredmethods="0"/>
        <line num="1" count="2" type="stmt"/>
        <line num="2" count="2" type="stmt"/>
        <line num="3" count="2" type="stmt"/>
        <line num="4" count="2" type="stmt"/>
        <line num="5" count="2" type="stmt"/>
        <line num="6" count="2" type="stmt"/>
        <line num="7" count="2" type="stmt"/>
        <line num="8" count="2" type="stmt"/>
        <line num="9" count="2" type="stmt"/>
        <line num="10" count="2" type="stmt"/>
        <line num="11" count="2" type="stmt"/>
        <line num="12" count="2" type="stmt"/>
        <line num="13" count="2" type="stmt"/>
      </file>
      <file name="UI.constants.ts" path="/Users/adam/Documents/webdev/websites/voiceFlow/adams-component-library/src/constants/UI.constants.ts">
        <metrics statements="5" coveredstatements="5" conditionals="0" coveredconditionals="0" methods="0" coveredmethods="0"/>
        <line num="1" count="1" type="stmt"/>
        <line num="2" count="1" type="stmt"/>
        <line num="3" count="1" type="stmt"/>
        <line num="4" count="1" type="stmt"/>
        <line num="5" count="1" type="stmt"/>
      </file>
    </package>
  </project>
</coverage>
