{"/Users/adam/Documents/webdev/websites/voiceFlow/adams-component-library/src/UILibrary/Buttons/Button/Button.Enum.ts": {"path":"/Users/adam/Documents/webdev/websites/voiceFlow/adams-component-library/src/UILibrary/Buttons/Button/Button.Enum.ts","statementMap":{},"fnMap":{},"branchMap":{},"s":{},"f":{},"b":{},"_coverageSchema":"1a1c01bbd47fc00a2c39e90264f33305004495a9","hash":"3dbbee6ceec68c9266533941c0091b524a959aa5"}
,"/Users/adam/Documents/webdev/websites/voiceFlow/adams-component-library/src/UILibrary/Buttons/Button/Button.styles.tsx": {"path":"/Users/adam/Documents/webdev/websites/voiceFlow/adams-component-library/src/UILibrary/Buttons/Button/Button.styles.tsx","statementMap":{"0":{"start":{"line":7,"column":30},"end":{"line":25,"column":1}},"1":{"start":{"line":27,"column":28},"end":{"line":41,"column":1}}},"fnMap":{},"branchMap":{},"s":{"0":1,"1":1},"f":{},"b":{},"_coverageSchema":"1a1c01bbd47fc00a2c39e90264f33305004495a9","hash":"0ea0b6ba31f3c64609232ed5f0dee3140a8128c8"}
,"/Users/adam/Documents/webdev/websites/voiceFlow/adams-component-library/src/UILibrary/Buttons/Button/Button.tsx": {"path":"/Users/adam/Documents/webdev/websites/voiceFlow/adams-component-library/src/UILibrary/Buttons/Button/Button.tsx","statementMap":{"0":{"start":{"line":16,"column":15},"end":{"line":52,"column":1}},"1":{"start":{"line":17,"column":48},"end":{"line":17,"column":63}},"2":{"start":{"line":18,"column":17},"end":{"line":18,"column":40}},"3":{"start":{"line":20,"column":2},"end":{"line":22,"column":18}},"4":{"start":{"line":21,"column":4},"end":{"line":21,"column":34}},"5":{"start":{"line":24,"column":2},"end":{"line":32,"column":37}},"6":{"start":{"line":25,"column":4},"end":{"line":31,"column":5}},"7":{"start":{"line":26,"column":6},"end":{"line":26,"column":45}},"8":{"start":{"line":28,"column":6},"end":{"line":30,"column":50}},"9":{"start":{"line":29,"column":8},"end":{"line":29,"column":34}},"10":{"start":{"line":34,"column":2},"end":{"line":51,"column":4}}},"fnMap":{"0":{"name":"(anonymous_0)","decl":{"start":{"line":16,"column":15},"end":{"line":16,"column":16}},"loc":{"start":{"line":16,"column":100},"end":{"line":52,"column":1}},"line":16},"1":{"name":"(anonymous_1)","decl":{"start":{"line":20,"column":12},"end":{"line":20,"column":13}},"loc":{"start":{"line":20,"column":18},"end":{"line":22,"column":3}},"line":20},"2":{"name":"(anonymous_2)","decl":{"start":{"line":24,"column":12},"end":{"line":24,"column":13}},"loc":{"start":{"line":24,"column":18},"end":{"line":32,"column":3}},"line":24},"3":{"name":"(anonymous_3)","decl":{"start":{"line":28,"column":17},"end":{"line":28,"column":18}},"loc":{"start":{"line":28,"column":23},"end":{"line":30,"column":7}},"line":28}},"branchMap":{"0":{"loc":{"start":{"line":25,"column":4},"end":{"line":31,"column":5}},"type":"if","locations":[{"start":{"line":25,"column":4},"end":{"line":31,"column":5}},{"start":{"line":27,"column":11},"end":{"line":31,"column":5}}],"line":25},"1":{"loc":{"start":{"line":25,"column":8},"end":{"line":25,"column":40}},"type":"binary-expr","locations":[{"start":{"line":25,"column":8},"end":{"line":25,"column":26}},{"start":{"line":25,"column":30},"end":{"line":25,"column":40}}],"line":25},"2":{"loc":{"start":{"line":26,"column":25},"end":{"line":26,"column":43}},"type":"binary-expr","locations":[{"start":{"line":26,"column":25},"end":{"line":26,"column":34}},{"start":{"line":26,"column":38},"end":{"line":26,"column":43}}],"line":26},"3":{"loc":{"start":{"line":42,"column":7},"end":{"line":49,"column":7}},"type":"cond-expr","locations":[{"start":{"line":43,"column":8},"end":{"line":43,"column":23}},{"start":{"line":45,"column":8},"end":{"line":48,"column":11}}],"line":42}},"s":{"0":1,"1":4,"2":4,"3":4,"4":3,"5":4,"6":3,"7":3,"8":0,"9":0,"10":4},"f":{"0":4,"1":3,"2":3,"3":0},"b":{"0":[3,0],"1":[3,1],"2":[3,2],"3":[1,3]},"_coverageSchema":"1a1c01bbd47fc00a2c39e90264f33305004495a9","hash":"2549e35da1135b4fcd9e14284ffb73b8285dbfff"}
,"/Users/adam/Documents/webdev/websites/voiceFlow/adams-component-library/src/UILibrary/Loaders/LoadingDot.tsx": {"path":"/Users/adam/Documents/webdev/websites/voiceFlow/adams-component-library/src/UILibrary/Loaders/LoadingDot.tsx","statementMap":{"0":{"start":{"line":11,"column":18},"end":{"line":32,"column":2}},"1":{"start":{"line":17,"column":29},"end":{"line":23,"column":3}},"2":{"start":{"line":34,"column":19},"end":{"line":41,"column":1}},"3":{"start":{"line":35,"column":18},"end":{"line":35,"column":45}},"4":{"start":{"line":36,"column":2},"end":{"line":40,"column":4}}},"fnMap":{"0":{"name":"(anonymous_0)","decl":{"start":{"line":17,"column":7},"end":{"line":17,"column":8}},"loc":{"start":{"line":17,"column":29},"end":{"line":23,"column":3}},"line":17},"1":{"name":"(anonymous_1)","decl":{"start":{"line":34,"column":19},"end":{"line":34,"column":20}},"loc":{"start":{"line":34,"column":62},"end":{"line":41,"column":1}},"line":34}},"branchMap":{"0":{"loc":{"start":{"line":34,"column":29},"end":{"line":34,"column":45}},"type":"default-arg","locations":[{"start":{"line":34,"column":37},"end":{"line":34,"column":45}}],"line":34}},"s":{"0":1,"1":3,"2":1,"3":3,"4":3},"f":{"0":3,"1":3},"b":{"0":[0]},"_coverageSchema":"1a1c01bbd47fc00a2c39e90264f33305004495a9","hash":"80b5d35d50878d57afe6c22a9768da41fdefa24b"}
,"/Users/adam/Documents/webdev/websites/voiceFlow/adams-component-library/src/UILibrary/Loaders/LoadingDots.tsx": {"path":"/Users/adam/Documents/webdev/websites/voiceFlow/adams-component-library/src/UILibrary/Loaders/LoadingDots.tsx","statementMap":{"0":{"start":{"line":7,"column":18},"end":{"line":15,"column":2}},"1":{"start":{"line":21,"column":27},"end":{"line":31,"column":1}},"2":{"start":{"line":22,"column":18},"end":{"line":22,"column":29}},"3":{"start":{"line":24,"column":2},"end":{"line":30,"column":4}}},"fnMap":{"0":{"name":"(anonymous_0)","decl":{"start":{"line":21,"column":27},"end":{"line":21,"column":28}},"loc":{"start":{"line":21,"column":64},"end":{"line":31,"column":1}},"line":21}},"branchMap":{"0":{"loc":{"start":{"line":21,"column":30},"end":{"line":21,"column":46}},"type":"default-arg","locations":[{"start":{"line":21,"column":38},"end":{"line":21,"column":46}}],"line":21}},"s":{"0":1,"1":1,"2":1,"3":1},"f":{"0":1},"b":{"0":[1]},"_coverageSchema":"1a1c01bbd47fc00a2c39e90264f33305004495a9","hash":"360ca3bb076bbc9942403006a526ad8961995fd7"}
,"/Users/adam/Documents/webdev/websites/voiceFlow/adams-component-library/src/constants/CSS.constants.ts": {"path":"/Users/adam/Documents/webdev/websites/voiceFlow/adams-component-library/src/constants/CSS.constants.ts","statementMap":{"0":{"start":{"line":2,"column":2},"end":{"line":2,"column":385}}},"fnMap":{},"branchMap":{},"s":{"0":1},"f":{},"b":{},"_coverageSchema":"1a1c01bbd47fc00a2c39e90264f33305004495a9","hash":"cc5391488121aa7595229072d2b82a833a1571d7"}
,"/Users/adam/Documents/webdev/websites/voiceFlow/adams-component-library/src/constants/Colours.constants.ts": {"path":"/Users/adam/Documents/webdev/websites/voiceFlow/adams-component-library/src/constants/Colours.constants.ts","statementMap":{"0":{"start":{"line":1,"column":24},"end":{"line":1,"column":30}},"1":{"start":{"line":2,"column":24},"end":{"line":2,"column":33}},"2":{"start":{"line":3,"column":23},"end":{"line":3,"column":32}},"3":{"start":{"line":4,"column":29},"end":{"line":4,"column":38}},"4":{"start":{"line":5,"column":23},"end":{"line":5,"column":32}},"5":{"start":{"line":6,"column":29},"end":{"line":6,"column":38}},"6":{"start":{"line":7,"column":30},"end":{"line":7,"column":39}},"7":{"start":{"line":8,"column":32},"end":{"line":8,"column":41}},"8":{"start":{"line":9,"column":23},"end":{"line":9,"column":32}},"9":{"start":{"line":10,"column":25},"end":{"line":10,"column":34}}},"fnMap":{},"branchMap":{},"s":{"0":1,"1":1,"2":1,"3":1,"4":1,"5":1,"6":1,"7":1,"8":1,"9":1},"f":{},"b":{},"_coverageSchema":"1a1c01bbd47fc00a2c39e90264f33305004495a9","hash":"4c8dc4080ad691d51c58b2c34735b54d16046256"}
,"/Users/adam/Documents/webdev/websites/voiceFlow/adams-component-library/src/constants/UI.constants.ts": {"path":"/Users/adam/Documents/webdev/websites/voiceFlow/adams-component-library/src/constants/UI.constants.ts","statementMap":{"0":{"start":{"line":1,"column":31},"end":{"line":1,"column":37}},"1":{"start":{"line":2,"column":32},"end":{"line":2,"column":38}},"2":{"start":{"line":3,"column":32},"end":{"line":3,"column":38}},"3":{"start":{"line":4,"column":31},"end":{"line":4,"column":37}},"4":{"start":{"line":5,"column":32},"end":{"line":5,"column":38}}},"fnMap":{},"branchMap":{},"s":{"0":1,"1":1,"2":1,"3":1,"4":1},"f":{},"b":{},"_coverageSchema":"1a1c01bbd47fc00a2c39e90264f33305004495a9","hash":"6fa018da7564970a7ad73903b32ae330da60be5e"}
}
