{"/Users/adam/Documents/webdev/websites/voiceFlow/adams-component-library/src/Helpers/makeStyles.tsx": {"path":"/Users/adam/Documents/webdev/websites/voiceFlow/adams-component-library/src/Helpers/makeStyles.tsx","statementMap":{"0":{"start":{"line":4,"column":19},"end":{"line":21,"column":1}},"1":{"start":{"line":5,"column":2},"end":{"line":7,"column":3}},"2":{"start":{"line":6,"column":4},"end":{"line":6,"column":13}},"3":{"start":{"line":8,"column":2},"end":{"line":10,"column":3}},"4":{"start":{"line":9,"column":4},"end":{"line":9,"column":15}},"5":{"start":{"line":11,"column":2},"end":{"line":13,"column":3}},"6":{"start":{"line":12,"column":4},"end":{"line":12,"column":16}},"7":{"start":{"line":14,"column":2},"end":{"line":16,"column":3}},"8":{"start":{"line":15,"column":4},"end":{"line":15,"column":16}},"9":{"start":{"line":17,"column":2},"end":{"line":19,"column":3}},"10":{"start":{"line":18,"column":4},"end":{"line":18,"column":16}},"11":{"start":{"line":20,"column":2},"end":{"line":20,"column":11}},"12":{"start":{"line":23,"column":17},"end":{"line":36,"column":2}},"13":{"start":{"line":23,"column":24},"end":{"line":36,"column":1}},"14":{"start":{"line":24,"column":27},"end":{"line":24,"column":44}},"15":{"start":{"line":26,"column":28},"end":{"line":26,"column":71}},"16":{"start":{"line":27,"column":26},"end":{"line":27,"column":69}},"17":{"start":{"line":55,"column":46},"end":{"line":55,"column":76}},"18":{"start":{"line":58,"column":26},"end":{"line":62,"column":1}},"19":{"start":{"line":59,"column":19},"end":{"line":59,"column":25}},"20":{"start":{"line":61,"column":2},"end":{"line":61,"column":69}},"21":{"start":{"line":64,"column":35},"end":{"line":64,"column":48}}},"fnMap":{"0":{"name":"(anonymous_0)","decl":{"start":{"line":4,"column":19},"end":{"line":4,"column":20}},"loc":{"start":{"line":4,"column":39},"end":{"line":21,"column":1}},"line":4},"1":{"name":"(anonymous_1)","decl":{"start":{"line":23,"column":17},"end":{"line":23,"column":18}},"loc":{"start":{"line":23,"column":24},"end":{"line":36,"column":1}},"line":23},"2":{"name":"(anonymous_2)","decl":{"start":{"line":24,"column":11},"end":{"line":24,"column":12}},"loc":{"start":{"line":24,"column":27},"end":{"line":24,"column":44}},"line":24},"3":{"name":"(anonymous_3)","decl":{"start":{"line":26,"column":10},"end":{"line":26,"column":11}},"loc":{"start":{"line":26,"column":28},"end":{"line":26,"column":71}},"line":26},"4":{"name":"(anonymous_4)","decl":{"start":{"line":27,"column":8},"end":{"line":27,"column":9}},"loc":{"start":{"line":27,"column":26},"end":{"line":27,"column":69}},"line":27},"5":{"name":"(anonymous_5)","decl":{"start":{"line":58,"column":26},"end":{"line":58,"column":27}},"loc":{"start":{"line":58,"column":99},"end":{"line":62,"column":1}},"line":58}},"branchMap":{"0":{"loc":{"start":{"line":5,"column":2},"end":{"line":7,"column":3}},"type":"if","locations":[{"start":{"line":5,"column":2},"end":{"line":7,"column":3}},{"start":{},"end":{}}],"line":5},"1":{"loc":{"start":{"line":8,"column":2},"end":{"line":10,"column":3}},"type":"if","locations":[{"start":{"line":8,"column":2},"end":{"line":10,"column":3}},{"start":{},"end":{}}],"line":8},"2":{"loc":{"start":{"line":11,"column":2},"end":{"line":13,"column":3}},"type":"if","locations":[{"start":{"line":11,"column":2},"end":{"line":13,"column":3}},{"start":{},"end":{}}],"line":11},"3":{"loc":{"start":{"line":14,"column":2},"end":{"line":16,"column":3}},"type":"if","locations":[{"start":{"line":14,"column":2},"end":{"line":16,"column":3}},{"start":{},"end":{}}],"line":14},"4":{"loc":{"start":{"line":17,"column":2},"end":{"line":19,"column":3}},"type":"if","locations":[{"start":{"line":17,"column":2},"end":{"line":19,"column":3}},{"start":{},"end":{}}],"line":17},"5":{"loc":{"start":{"line":24,"column":12},"end":{"line":24,"column":22}},"type":"default-arg","locations":[{"start":{"line":24,"column":21},"end":{"line":24,"column":22}}],"line":24},"6":{"loc":{"start":{"line":58,"column":76},"end":{"line":58,"column":97}},"type":"default-arg","locations":[{"start":{"line":58,"column":85},"end":{"line":58,"column":97}}],"line":58},"7":{"loc":{"start":{"line":61,"column":41},"end":{"line":61,"column":60}},"type":"binary-expr","locations":[{"start":{"line":61,"column":41},"end":{"line":61,"column":53}},{"start":{"line":61,"column":57},"end":{"line":61,"column":60}}],"line":61}},"s":{"0":3,"1":0,"2":0,"3":0,"4":0,"5":0,"6":0,"7":0,"8":0,"9":0,"10":0,"11":0,"12":3,"13":10,"14":0,"15":0,"16":0,"17":3,"18":3,"19":10,"20":10,"21":3},"f":{"0":0,"1":10,"2":0,"3":0,"4":0,"5":10},"b":{"0":[0,0],"1":[0,0],"2":[0,0],"3":[0,0],"4":[0,0],"5":[0],"6":[10],"7":[10,0]},"_coverageSchema":"1a1c01bbd47fc00a2c39e90264f33305004495a9","hash":"51792fe90ab53368b45c2775f1ad0e7aa1fa11a6"}
,"/Users/adam/Documents/webdev/websites/voiceFlow/adams-component-library/src/Screens/DocumentManager/DocumentManager.styles.tsx": {"path":"/Users/adam/Documents/webdev/websites/voiceFlow/adams-component-library/src/Screens/DocumentManager/DocumentManager.styles.tsx","statementMap":{"0":{"start":{"line":4,"column":25},"end":{"line":34,"column":4}},"1":{"start":{"line":5,"column":2},"end":{"line":34,"column":4}}},"fnMap":{"0":{"name":"(anonymous_0)","decl":{"start":{"line":4,"column":25},"end":{"line":4,"column":26}},"loc":{"start":{"line":5,"column":2},"end":{"line":34,"column":4}},"line":5}},"branchMap":{"0":{"loc":{"start":{"line":13,"column":27},"end":{"line":13,"column":115}},"type":"cond-expr","locations":[{"start":{"line":13,"column":36},"end":{"line":13,"column":74}},{"start":{"line":13,"column":77},"end":{"line":13,"column":115}}],"line":13},"1":{"loc":{"start":{"line":14,"column":13},"end":{"line":14,"column":52}},"type":"cond-expr","locations":[{"start":{"line":14,"column":22},"end":{"line":14,"column":43}},{"start":{"line":14,"column":46},"end":{"line":14,"column":52}}],"line":14}},"s":{"0":1,"1":3},"f":{"0":3},"b":{"0":[1,2],"1":[1,2]},"_coverageSchema":"1a1c01bbd47fc00a2c39e90264f33305004495a9","hash":"d58b43e5263903217593849ac903112456adb407"}
,"/Users/adam/Documents/webdev/websites/voiceFlow/adams-component-library/src/Screens/DocumentManager/DocumentManager.tsx": {"path":"/Users/adam/Documents/webdev/websites/voiceFlow/adams-component-library/src/Screens/DocumentManager/DocumentManager.tsx","statementMap":{"0":{"start":{"line":12,"column":30},"end":{"line":12,"column":45}},"1":{"start":{"line":13,"column":46},"end":{"line":13,"column":76}},"2":{"start":{"line":14,"column":21},"end":{"line":14,"column":49}},"3":{"start":{"line":15,"column":22},"end":{"line":15,"column":41}},"4":{"start":{"line":17,"column":2},"end":{"line":28,"column":19}},"5":{"start":{"line":18,"column":31},"end":{"line":23,"column":5}},"6":{"start":{"line":19,"column":6},"end":{"line":22,"column":7}},"7":{"start":{"line":20,"column":8},"end":{"line":20,"column":25}},"8":{"start":{"line":21,"column":8},"end":{"line":21,"column":37}},"9":{"start":{"line":24,"column":4},"end":{"line":24,"column":61}},"10":{"start":{"line":25,"column":4},"end":{"line":27,"column":6}},"11":{"start":{"line":26,"column":6},"end":{"line":26,"column":66}},"12":{"start":{"line":30,"column":26},"end":{"line":33,"column":3}},"13":{"start":{"line":31,"column":4},"end":{"line":31,"column":20}},"14":{"start":{"line":32,"column":4},"end":{"line":32,"column":32}},"15":{"start":{"line":35,"column":32},"end":{"line":37,"column":3}},"16":{"start":{"line":39,"column":2},"end":{"line":54,"column":4}},"17":{"start":{"line":43,"column":10},"end":{"line":45,"column":16}},"18":{"start":{"line":44,"column":56},"end":{"line":44,"column":81}}},"fnMap":{"0":{"name":"DocumentManager","decl":{"start":{"line":11,"column":9},"end":{"line":11,"column":24}},"loc":{"start":{"line":11,"column":62},"end":{"line":55,"column":1}},"line":11},"1":{"name":"(anonymous_1)","decl":{"start":{"line":17,"column":12},"end":{"line":17,"column":13}},"loc":{"start":{"line":17,"column":18},"end":{"line":28,"column":3}},"line":17},"2":{"name":"(anonymous_2)","decl":{"start":{"line":18,"column":31},"end":{"line":18,"column":32}},"loc":{"start":{"line":18,"column":54},"end":{"line":23,"column":5}},"line":18},"3":{"name":"(anonymous_3)","decl":{"start":{"line":25,"column":11},"end":{"line":25,"column":12}},"loc":{"start":{"line":25,"column":17},"end":{"line":27,"column":5}},"line":25},"4":{"name":"(anonymous_4)","decl":{"start":{"line":30,"column":26},"end":{"line":30,"column":27}},"loc":{"start":{"line":30,"column":60},"end":{"line":33,"column":3}},"line":30},"5":{"name":"(anonymous_5)","decl":{"start":{"line":35,"column":32},"end":{"line":35,"column":33}},"loc":{"start":{"line":35,"column":44},"end":{"line":37,"column":3}},"line":35},"6":{"name":"(anonymous_6)","decl":{"start":{"line":42,"column":23},"end":{"line":42,"column":24}},"loc":{"start":{"line":43,"column":10},"end":{"line":45,"column":16}},"line":43},"7":{"name":"(anonymous_7)","decl":{"start":{"line":44,"column":50},"end":{"line":44,"column":51}},"loc":{"start":{"line":44,"column":56},"end":{"line":44,"column":81}},"line":44}},"branchMap":{"0":{"loc":{"start":{"line":19,"column":6},"end":{"line":22,"column":7}},"type":"if","locations":[{"start":{"line":19,"column":6},"end":{"line":22,"column":7}},{"start":{},"end":{}}],"line":19},"1":{"loc":{"start":{"line":19,"column":10},"end":{"line":19,"column":82}},"type":"binary-expr","locations":[{"start":{"line":19,"column":10},"end":{"line":19,"column":28}},{"start":{"line":19,"column":32},"end":{"line":19,"column":82}}],"line":19},"2":{"loc":{"start":{"line":43,"column":63},"end":{"line":43,"column":112}},"type":"binary-expr","locations":[{"start":{"line":43,"column":63},"end":{"line":43,"column":90}},{"start":{"line":43,"column":94},"end":{"line":43,"column":112}}],"line":43},"3":{"loc":{"start":{"line":50,"column":11},"end":{"line":50,"column":149}},"type":"cond-expr","locations":[{"start":{"line":50,"column":28},"end":{"line":50,"column":142}},{"start":{"line":50,"column":145},"end":{"line":50,"column":149}}],"line":50}},"s":{"0":3,"1":3,"2":3,"3":3,"4":3,"5":2,"6":0,"7":0,"8":0,"9":2,"10":2,"11":2,"12":3,"13":1,"14":1,"15":3,"16":3,"17":6,"18":1},"f":{"0":3,"1":2,"2":0,"3":2,"4":1,"5":0,"6":6,"7":1},"b":{"0":[0,0],"1":[0,0],"2":[6,1],"3":[1,2]},"_coverageSchema":"1a1c01bbd47fc00a2c39e90264f33305004495a9","hash":"6a2724a8fcf7b6de9c03acc2680e838d41e8ec1b"}
,"/Users/adam/Documents/webdev/websites/voiceFlow/adams-component-library/src/UILibrary/Buttons/Button/Button.Enum.ts": {"path":"/Users/adam/Documents/webdev/websites/voiceFlow/adams-component-library/src/UILibrary/Buttons/Button/Button.Enum.ts","statementMap":{},"fnMap":{},"branchMap":{},"s":{},"f":{},"b":{},"_coverageSchema":"1a1c01bbd47fc00a2c39e90264f33305004495a9","hash":"3dbbee6ceec68c9266533941c0091b524a959aa5"}
,"/Users/adam/Documents/webdev/websites/voiceFlow/adams-component-library/src/UILibrary/Buttons/Button/Button.styles.tsx": {"path":"/Users/adam/Documents/webdev/websites/voiceFlow/adams-component-library/src/UILibrary/Buttons/Button/Button.styles.tsx","statementMap":{"0":{"start":{"line":17,"column":25},"end":{"line":64,"column":4}},"1":{"start":{"line":18,"column":2},"end":{"line":64,"column":4}}},"fnMap":{"0":{"name":"(anonymous_0)","decl":{"start":{"line":17,"column":25},"end":{"line":17,"column":26}},"loc":{"start":{"line":18,"column":2},"end":{"line":64,"column":4}},"line":18}},"branchMap":{},"s":{"0":1,"1":4},"f":{"0":4},"b":{},"_coverageSchema":"1a1c01bbd47fc00a2c39e90264f33305004495a9","hash":"7ba6fdd4ffe11bc536cf2a7b5f8de04338cfefe5"}
,"/Users/adam/Documents/webdev/websites/voiceFlow/adams-component-library/src/UILibrary/Buttons/Button/Button.tsx": {"path":"/Users/adam/Documents/webdev/websites/voiceFlow/adams-component-library/src/UILibrary/Buttons/Button/Button.tsx","statementMap":{"0":{"start":{"line":18,"column":15},"end":{"line":50,"column":1}},"1":{"start":{"line":19,"column":48},"end":{"line":19,"column":63}},"2":{"start":{"line":20,"column":22},"end":{"line":20,"column":35}},"3":{"start":{"line":21,"column":23},"end":{"line":21,"column":68}},"4":{"start":{"line":22,"column":17},"end":{"line":22,"column":92}},"5":{"start":{"line":24,"column":2},"end":{"line":26,"column":18}},"6":{"start":{"line":25,"column":4},"end":{"line":25,"column":34}},"7":{"start":{"line":28,"column":2},"end":{"line":36,"column":37}},"8":{"start":{"line":29,"column":4},"end":{"line":35,"column":5}},"9":{"start":{"line":30,"column":6},"end":{"line":30,"column":45}},"10":{"start":{"line":32,"column":6},"end":{"line":34,"column":50}},"11":{"start":{"line":33,"column":8},"end":{"line":33,"column":34}},"12":{"start":{"line":38,"column":2},"end":{"line":49,"column":4}}},"fnMap":{"0":{"name":"(anonymous_0)","decl":{"start":{"line":18,"column":15},"end":{"line":18,"column":16}},"loc":{"start":{"line":18,"column":110},"end":{"line":50,"column":1}},"line":18},"1":{"name":"(anonymous_1)","decl":{"start":{"line":24,"column":12},"end":{"line":24,"column":13}},"loc":{"start":{"line":24,"column":18},"end":{"line":26,"column":3}},"line":24},"2":{"name":"(anonymous_2)","decl":{"start":{"line":28,"column":12},"end":{"line":28,"column":13}},"loc":{"start":{"line":28,"column":18},"end":{"line":36,"column":3}},"line":28},"3":{"name":"(anonymous_3)","decl":{"start":{"line":32,"column":17},"end":{"line":32,"column":18}},"loc":{"start":{"line":32,"column":23},"end":{"line":34,"column":7}},"line":32}},"branchMap":{"0":{"loc":{"start":{"line":21,"column":23},"end":{"line":21,"column":68}},"type":"cond-expr","locations":[{"start":{"line":21,"column":49},"end":{"line":21,"column":57}},{"start":{"line":21,"column":60},"end":{"line":21,"column":68}}],"line":21},"1":{"loc":{"start":{"line":22,"column":58},"end":{"line":22,"column":90}},"type":"cond-expr","locations":[{"start":{"line":22,"column":69},"end":{"line":22,"column":85}},{"start":{"line":22,"column":88},"end":{"line":22,"column":90}}],"line":22},"2":{"loc":{"start":{"line":29,"column":4},"end":{"line":35,"column":5}},"type":"if","locations":[{"start":{"line":29,"column":4},"end":{"line":35,"column":5}},{"start":{"line":31,"column":11},"end":{"line":35,"column":5}}],"line":29},"3":{"loc":{"start":{"line":29,"column":8},"end":{"line":29,"column":40}},"type":"binary-expr","locations":[{"start":{"line":29,"column":8},"end":{"line":29,"column":26}},{"start":{"line":29,"column":30},"end":{"line":29,"column":40}}],"line":29},"4":{"loc":{"start":{"line":30,"column":25},"end":{"line":30,"column":43}},"type":"binary-expr","locations":[{"start":{"line":30,"column":25},"end":{"line":30,"column":34}},{"start":{"line":30,"column":38},"end":{"line":30,"column":43}}],"line":30},"5":{"loc":{"start":{"line":39,"column":41},"end":{"line":39,"column":62}},"type":"binary-expr","locations":[{"start":{"line":39,"column":41},"end":{"line":39,"column":49}},{"start":{"line":39,"column":53},"end":{"line":39,"column":62}}],"line":39},"6":{"loc":{"start":{"line":40,"column":7},"end":{"line":47,"column":7}},"type":"cond-expr","locations":[{"start":{"line":41,"column":8},"end":{"line":41,"column":44}},{"start":{"line":43,"column":8},"end":{"line":46,"column":11}}],"line":40}},"s":{"0":1,"1":4,"2":4,"3":4,"4":4,"5":4,"6":3,"7":4,"8":3,"9":3,"10":0,"11":0,"12":4},"f":{"0":4,"1":3,"2":3,"3":0},"b":{"0":[0,4],"1":[0,4],"2":[3,0],"3":[3,1],"4":[3,2],"5":[4,4],"6":[1,3]},"_coverageSchema":"1a1c01bbd47fc00a2c39e90264f33305004495a9","hash":"111462f0dafe647b4ab685a8fe0bd03e5eedf4e8"}
,"/Users/adam/Documents/webdev/websites/voiceFlow/adams-component-library/src/UILibrary/Image/Image.Enum.ts": {"path":"/Users/adam/Documents/webdev/websites/voiceFlow/adams-component-library/src/UILibrary/Image/Image.Enum.ts","statementMap":{},"fnMap":{},"branchMap":{},"s":{},"f":{},"b":{},"_coverageSchema":"1a1c01bbd47fc00a2c39e90264f33305004495a9","hash":"4c835570ab253495055093c7ac86b3208838198c"}
,"/Users/adam/Documents/webdev/websites/voiceFlow/adams-component-library/src/UILibrary/Image/Image.styles.tsx": {"path":"/Users/adam/Documents/webdev/websites/voiceFlow/adams-component-library/src/UILibrary/Image/Image.styles.tsx","statementMap":{"0":{"start":{"line":3,"column":25},"end":{"line":24,"column":4}},"1":{"start":{"line":4,"column":2},"end":{"line":24,"column":4}}},"fnMap":{"0":{"name":"(anonymous_0)","decl":{"start":{"line":3,"column":25},"end":{"line":3,"column":26}},"loc":{"start":{"line":4,"column":2},"end":{"line":24,"column":4}},"line":4}},"branchMap":{},"s":{"0":1,"1":3},"f":{"0":3},"b":{},"_coverageSchema":"1a1c01bbd47fc00a2c39e90264f33305004495a9","hash":"d2b373f0398f1fb83c7499f2989c5f8c5f3e3b04"}
,"/Users/adam/Documents/webdev/websites/voiceFlow/adams-component-library/src/UILibrary/Image/Image.tsx": {"path":"/Users/adam/Documents/webdev/websites/voiceFlow/adams-component-library/src/UILibrary/Image/Image.tsx","statementMap":{"0":{"start":{"line":9,"column":21},"end":{"line":13,"column":1}},"1":{"start":{"line":10,"column":22},"end":{"line":10,"column":44}},"2":{"start":{"line":12,"column":2},"end":{"line":12,"column":72}}},"fnMap":{"0":{"name":"(anonymous_0)","decl":{"start":{"line":9,"column":21},"end":{"line":9,"column":22}},"loc":{"start":{"line":9,"column":61},"end":{"line":13,"column":1}},"line":9}},"branchMap":{},"s":{"0":1,"1":3,"2":3},"f":{"0":3},"b":{},"_coverageSchema":"1a1c01bbd47fc00a2c39e90264f33305004495a9","hash":"16e1bd3d78a58fd2a19b875de99a5d9a01d3a67f"}
,"/Users/adam/Documents/webdev/websites/voiceFlow/adams-component-library/src/UILibrary/Loaders/LoadingDot.tsx": {"path":"/Users/adam/Documents/webdev/websites/voiceFlow/adams-component-library/src/UILibrary/Loaders/LoadingDot.tsx","statementMap":{"0":{"start":{"line":11,"column":18},"end":{"line":32,"column":2}},"1":{"start":{"line":17,"column":29},"end":{"line":23,"column":3}},"2":{"start":{"line":34,"column":19},"end":{"line":41,"column":1}},"3":{"start":{"line":35,"column":18},"end":{"line":35,"column":45}},"4":{"start":{"line":36,"column":2},"end":{"line":40,"column":4}}},"fnMap":{"0":{"name":"(anonymous_0)","decl":{"start":{"line":17,"column":7},"end":{"line":17,"column":8}},"loc":{"start":{"line":17,"column":29},"end":{"line":23,"column":3}},"line":17},"1":{"name":"(anonymous_1)","decl":{"start":{"line":34,"column":19},"end":{"line":34,"column":20}},"loc":{"start":{"line":34,"column":62},"end":{"line":41,"column":1}},"line":34}},"branchMap":{"0":{"loc":{"start":{"line":34,"column":29},"end":{"line":34,"column":45}},"type":"default-arg","locations":[{"start":{"line":34,"column":37},"end":{"line":34,"column":45}}],"line":34}},"s":{"0":1,"1":3,"2":1,"3":3,"4":3},"f":{"0":3,"1":3},"b":{"0":[0]},"_coverageSchema":"1a1c01bbd47fc00a2c39e90264f33305004495a9","hash":"80b5d35d50878d57afe6c22a9768da41fdefa24b"}
,"/Users/adam/Documents/webdev/websites/voiceFlow/adams-component-library/src/UILibrary/Loaders/LoadingDots.tsx": {"path":"/Users/adam/Documents/webdev/websites/voiceFlow/adams-component-library/src/UILibrary/Loaders/LoadingDots.tsx","statementMap":{"0":{"start":{"line":7,"column":18},"end":{"line":15,"column":2}},"1":{"start":{"line":21,"column":27},"end":{"line":31,"column":1}},"2":{"start":{"line":22,"column":18},"end":{"line":22,"column":29}},"3":{"start":{"line":24,"column":2},"end":{"line":30,"column":4}}},"fnMap":{"0":{"name":"(anonymous_0)","decl":{"start":{"line":21,"column":27},"end":{"line":21,"column":28}},"loc":{"start":{"line":21,"column":64},"end":{"line":31,"column":1}},"line":21}},"branchMap":{"0":{"loc":{"start":{"line":21,"column":30},"end":{"line":21,"column":46}},"type":"default-arg","locations":[{"start":{"line":21,"column":38},"end":{"line":21,"column":46}}],"line":21}},"s":{"0":1,"1":1,"2":1,"3":1},"f":{"0":1},"b":{"0":[0]},"_coverageSchema":"1a1c01bbd47fc00a2c39e90264f33305004495a9","hash":"360ca3bb076bbc9942403006a526ad8961995fd7"}
,"/Users/adam/Documents/webdev/websites/voiceFlow/adams-component-library/src/__stdlib/components.tsx": {"path":"/Users/adam/Documents/webdev/websites/voiceFlow/adams-component-library/src/__stdlib/components.tsx","statementMap":{"0":{"start":{"line":8,"column":28},"end":{"line":16,"column":1}},"1":{"start":{"line":9,"column":2},"end":{"line":15,"column":12}},"2":{"start":{"line":10,"column":19},"end":{"line":10,"column":30}},"3":{"start":{"line":24,"column":31},"end":{"line":31,"column":1}},"4":{"start":{"line":25,"column":2},"end":{"line":30,"column":8}},"5":{"start":{"line":36,"column":4},"end":{"line":40,"column":1}},"6":{"start":{"line":37,"column":2},"end":{"line":39,"column":27}},"7":{"start":{"line":38,"column":87},"end":{"line":38,"column":111}},"8":{"start":{"line":42,"column":19},"end":{"line":54,"column":1}},"9":{"start":{"line":43,"column":2},"end":{"line":53,"column":27}},"10":{"start":{"line":47,"column":8},"end":{"line":47,"column":27}},"11":{"start":{"line":48,"column":8},"end":{"line":48,"column":28}},"12":{"start":{"line":56,"column":26},"end":{"line":138,"column":1}},"13":{"start":{"line":65,"column":2},"end":{"line":137,"column":3}},"14":{"start":{"line":67,"column":6},"end":{"line":72,"column":8}},"15":{"start":{"line":69,"column":85},"end":{"line":69,"column":115}},"16":{"start":{"line":74,"column":6},"end":{"line":97,"column":8}},"17":{"start":{"line":76,"column":94},"end":{"line":76,"column":127}},"18":{"start":{"line":81,"column":14},"end":{"line":87,"column":16}},"19":{"start":{"line":85,"column":30},"end":{"line":85,"column":38}},"20":{"start":{"line":92,"column":14},"end":{"line":92,"column":40}},"21":{"start":{"line":99,"column":6},"end":{"line":105,"column":8}},"22":{"start":{"line":101,"column":91},"end":{"line":101,"column":123}},"23":{"start":{"line":107,"column":6},"end":{"line":113,"column":8}},"24":{"start":{"line":109,"column":94},"end":{"line":109,"column":127}},"25":{"start":{"line":110,"column":82},"end":{"line":110,"column":111}},"26":{"start":{"line":115,"column":6},"end":{"line":119,"column":8}},"27":{"start":{"line":117,"column":70},"end":{"line":117,"column":95}},"28":{"start":{"line":121,"column":6},"end":{"line":127,"column":8}},"29":{"start":{"line":123,"column":94},"end":{"line":123,"column":127}},"30":{"start":{"line":124,"column":76},"end":{"line":124,"column":103}},"31":{"start":{"line":129,"column":6},"end":{"line":134,"column":8}},"32":{"start":{"line":131,"column":76},"end":{"line":131,"column":103}},"33":{"start":{"line":136,"column":6},"end":{"line":136,"column":18}},"34":{"start":{"line":140,"column":30},"end":{"line":158,"column":1}},"35":{"start":{"line":149,"column":2},"end":{"line":157,"column":12}},"36":{"start":{"line":155,"column":54},"end":{"line":155,"column":80}}},"fnMap":{"0":{"name":"(anonymous_0)","decl":{"start":{"line":8,"column":28},"end":{"line":8,"column":29}},"loc":{"start":{"line":9,"column":2},"end":{"line":15,"column":12}},"line":9},"1":{"name":"(anonymous_1)","decl":{"start":{"line":10,"column":13},"end":{"line":10,"column":14}},"loc":{"start":{"line":10,"column":19},"end":{"line":10,"column":30}},"line":10},"2":{"name":"(anonymous_2)","decl":{"start":{"line":24,"column":31},"end":{"line":24,"column":32}},"loc":{"start":{"line":25,"column":2},"end":{"line":30,"column":8}},"line":25},"3":{"name":"(anonymous_3)","decl":{"start":{"line":36,"column":4},"end":{"line":36,"column":5}},"loc":{"start":{"line":37,"column":2},"end":{"line":39,"column":27}},"line":37},"4":{"name":"(anonymous_4)","decl":{"start":{"line":38,"column":80},"end":{"line":38,"column":81}},"loc":{"start":{"line":38,"column":87},"end":{"line":38,"column":111}},"line":38},"5":{"name":"(anonymous_5)","decl":{"start":{"line":42,"column":19},"end":{"line":42,"column":20}},"loc":{"start":{"line":43,"column":2},"end":{"line":53,"column":27}},"line":43},"6":{"name":"(anonymous_6)","decl":{"start":{"line":46,"column":15},"end":{"line":46,"column":16}},"loc":{"start":{"line":46,"column":22},"end":{"line":49,"column":7}},"line":46},"7":{"name":"(anonymous_7)","decl":{"start":{"line":56,"column":26},"end":{"line":56,"column":27}},"loc":{"start":{"line":64,"column":6},"end":{"line":138,"column":1}},"line":64},"8":{"name":"(anonymous_8)","decl":{"start":{"line":69,"column":72},"end":{"line":69,"column":73}},"loc":{"start":{"line":69,"column":85},"end":{"line":69,"column":115}},"line":69},"9":{"name":"(anonymous_9)","decl":{"start":{"line":76,"column":78},"end":{"line":76,"column":79}},"loc":{"start":{"line":76,"column":94},"end":{"line":76,"column":127}},"line":76},"10":{"name":"(anonymous_10)","decl":{"start":{"line":80,"column":22},"end":{"line":80,"column":23}},"loc":{"start":{"line":81,"column":14},"end":{"line":87,"column":16}},"line":81},"11":{"name":"(anonymous_11)","decl":{"start":{"line":85,"column":23},"end":{"line":85,"column":24}},"loc":{"start":{"line":85,"column":30},"end":{"line":85,"column":38}},"line":85},"12":{"name":"(anonymous_12)","decl":{"start":{"line":91,"column":32},"end":{"line":91,"column":33}},"loc":{"start":{"line":92,"column":14},"end":{"line":92,"column":40}},"line":92},"13":{"name":"(anonymous_13)","decl":{"start":{"line":101,"column":76},"end":{"line":101,"column":77}},"loc":{"start":{"line":101,"column":91},"end":{"line":101,"column":123}},"line":101},"14":{"name":"(anonymous_14)","decl":{"start":{"line":109,"column":78},"end":{"line":109,"column":79}},"loc":{"start":{"line":109,"column":94},"end":{"line":109,"column":127}},"line":109},"15":{"name":"(anonymous_15)","decl":{"start":{"line":110,"column":70},"end":{"line":110,"column":71}},"loc":{"start":{"line":110,"column":82},"end":{"line":110,"column":111}},"line":110},"16":{"name":"(anonymous_16)","decl":{"start":{"line":117,"column":62},"end":{"line":117,"column":63}},"loc":{"start":{"line":117,"column":70},"end":{"line":117,"column":95}},"line":117},"17":{"name":"(anonymous_17)","decl":{"start":{"line":123,"column":78},"end":{"line":123,"column":79}},"loc":{"start":{"line":123,"column":94},"end":{"line":123,"column":127}},"line":123},"18":{"name":"(anonymous_18)","decl":{"start":{"line":124,"column":66},"end":{"line":124,"column":67}},"loc":{"start":{"line":124,"column":76},"end":{"line":124,"column":103}},"line":124},"19":{"name":"(anonymous_19)","decl":{"start":{"line":131,"column":66},"end":{"line":131,"column":67}},"loc":{"start":{"line":131,"column":76},"end":{"line":131,"column":103}},"line":131},"20":{"name":"(anonymous_20)","decl":{"start":{"line":140,"column":30},"end":{"line":140,"column":31}},"loc":{"start":{"line":149,"column":2},"end":{"line":157,"column":12}},"line":149},"21":{"name":"(anonymous_21)","decl":{"start":{"line":155,"column":44},"end":{"line":155,"column":45}},"loc":{"start":{"line":155,"column":54},"end":{"line":155,"column":80}},"line":155}},"branchMap":{"0":{"loc":{"start":{"line":65,"column":2},"end":{"line":137,"column":3}},"type":"switch","locations":[{"start":{"line":66,"column":4},"end":{"line":72,"column":8}},{"start":{"line":73,"column":4},"end":{"line":97,"column":8}},{"start":{"line":98,"column":4},"end":{"line":105,"column":8}},{"start":{"line":106,"column":4},"end":{"line":113,"column":8}},{"start":{"line":114,"column":4},"end":{"line":119,"column":8}},{"start":{"line":120,"column":4},"end":{"line":127,"column":8}},{"start":{"line":128,"column":4},"end":{"line":134,"column":8}},{"start":{"line":135,"column":4},"end":{"line":136,"column":18}}],"line":65},"1":{"loc":{"start":{"line":70,"column":11},"end":{"line":70,"column":134}},"type":"binary-expr","locations":[{"start":{"line":70,"column":11},"end":{"line":70,"column":20}},{"start":{"line":70,"column":24},"end":{"line":70,"column":134}}],"line":70},"2":{"loc":{"start":{"line":95,"column":11},"end":{"line":95,"column":134}},"type":"binary-expr","locations":[{"start":{"line":95,"column":11},"end":{"line":95,"column":20}},{"start":{"line":95,"column":24},"end":{"line":95,"column":134}}],"line":95},"3":{"loc":{"start":{"line":103,"column":11},"end":{"line":103,"column":134}},"type":"binary-expr","locations":[{"start":{"line":103,"column":11},"end":{"line":103,"column":20}},{"start":{"line":103,"column":24},"end":{"line":103,"column":134}}],"line":103},"4":{"loc":{"start":{"line":111,"column":11},"end":{"line":111,"column":134}},"type":"binary-expr","locations":[{"start":{"line":111,"column":11},"end":{"line":111,"column":20}},{"start":{"line":111,"column":24},"end":{"line":111,"column":134}}],"line":111},"5":{"loc":{"start":{"line":125,"column":11},"end":{"line":125,"column":134}},"type":"binary-expr","locations":[{"start":{"line":125,"column":11},"end":{"line":125,"column":20}},{"start":{"line":125,"column":24},"end":{"line":125,"column":134}}],"line":125},"6":{"loc":{"start":{"line":132,"column":11},"end":{"line":132,"column":134}},"type":"binary-expr","locations":[{"start":{"line":132,"column":11},"end":{"line":132,"column":20}},{"start":{"line":132,"column":24},"end":{"line":132,"column":134}}],"line":132}},"s":{"0":1,"1":6,"2":1,"3":1,"4":2,"5":1,"6":1,"7":0,"8":1,"9":1,"10":0,"11":0,"12":1,"13":1,"14":1,"15":0,"16":0,"17":0,"18":0,"19":0,"20":0,"21":0,"22":0,"23":0,"24":0,"25":0,"26":0,"27":0,"28":0,"29":0,"30":0,"31":0,"32":0,"33":0,"34":1,"35":1,"36":0},"f":{"0":6,"1":1,"2":2,"3":1,"4":0,"5":1,"6":0,"7":1,"8":0,"9":0,"10":0,"11":0,"12":0,"13":0,"14":0,"15":0,"16":0,"17":0,"18":0,"19":0,"20":1,"21":0},"b":{"0":[1,0,0,0,0,0,0,0],"1":[1,1],"2":[0,0],"3":[0,0],"4":[0,0],"5":[0,0],"6":[0,0]},"_coverageSchema":"1a1c01bbd47fc00a2c39e90264f33305004495a9","hash":"8bf13a3f6f79d36e8c8264819e5dd09168c45640"}
,"/Users/adam/Documents/webdev/websites/voiceFlow/adams-component-library/src/__stdlib/data.ts": {"path":"/Users/adam/Documents/webdev/websites/voiceFlow/adams-component-library/src/__stdlib/data.ts","statementMap":{},"fnMap":{},"branchMap":{},"s":{},"f":{},"b":{},"_coverageSchema":"1a1c01bbd47fc00a2c39e90264f33305004495a9","hash":"6320dffddcc916a020f881d2670d010aa525e537"}
,"/Users/adam/Documents/webdev/websites/voiceFlow/adams-component-library/src/__stdlib/fixtures.ts": {"path":"/Users/adam/Documents/webdev/websites/voiceFlow/adams-component-library/src/__stdlib/fixtures.ts","statementMap":{"0":{"start":{"line":8,"column":27},"end":{"line":15,"column":27}},"1":{"start":{"line":17,"column":31},"end":{"line":25,"column":31}},"2":{"start":{"line":27,"column":30},"end":{"line":35,"column":30}},"3":{"start":{"line":37,"column":28},"end":{"line":45,"column":28}},"4":{"start":{"line":47,"column":28},"end":{"line":54,"column":28}},"5":{"start":{"line":56,"column":28},"end":{"line":63,"column":28}},"6":{"start":{"line":65,"column":28},"end":{"line":72,"column":28}},"7":{"start":{"line":74,"column":37},"end":{"line":74,"column":139}}},"fnMap":{},"branchMap":{},"s":{"0":1,"1":1,"2":1,"3":1,"4":1,"5":1,"6":1,"7":1},"f":{},"b":{},"_coverageSchema":"1a1c01bbd47fc00a2c39e90264f33305004495a9","hash":"13e4d61722f8d52554da5166b8690d2100f5c443"}
,"/Users/adam/Documents/webdev/websites/voiceFlow/adams-component-library/src/__stdlib/index.ts": {"path":"/Users/adam/Documents/webdev/websites/voiceFlow/adams-component-library/src/__stdlib/index.ts","statementMap":{},"fnMap":{},"branchMap":{},"s":{},"f":{},"b":{},"_coverageSchema":"1a1c01bbd47fc00a2c39e90264f33305004495a9","hash":"410cb55e7cfcc7468815422a0fcb512244f8b9f0"}
,"/Users/adam/Documents/webdev/websites/voiceFlow/adams-component-library/src/constants/CSS.constants.ts": {"path":"/Users/adam/Documents/webdev/websites/voiceFlow/adams-component-library/src/constants/CSS.constants.ts","statementMap":{"0":{"start":{"line":2,"column":2},"end":{"line":2,"column":385}}},"fnMap":{},"branchMap":{},"s":{"0":1},"f":{},"b":{},"_coverageSchema":"1a1c01bbd47fc00a2c39e90264f33305004495a9","hash":"cc5391488121aa7595229072d2b82a833a1571d7"}
,"/Users/adam/Documents/webdev/websites/voiceFlow/adams-component-library/src/constants/Colours.constants.ts": {"path":"/Users/adam/Documents/webdev/websites/voiceFlow/adams-component-library/src/constants/Colours.constants.ts","statementMap":{"0":{"start":{"line":1,"column":24},"end":{"line":1,"column":30}},"1":{"start":{"line":2,"column":24},"end":{"line":2,"column":33}},"2":{"start":{"line":3,"column":23},"end":{"line":3,"column":32}},"3":{"start":{"line":4,"column":29},"end":{"line":4,"column":38}},"4":{"start":{"line":5,"column":30},"end":{"line":5,"column":39}},"5":{"start":{"line":6,"column":32},"end":{"line":6,"column":41}},"6":{"start":{"line":7,"column":23},"end":{"line":7,"column":32}},"7":{"start":{"line":8,"column":29},"end":{"line":8,"column":38}},"8":{"start":{"line":9,"column":30},"end":{"line":9,"column":39}},"9":{"start":{"line":10,"column":32},"end":{"line":10,"column":41}},"10":{"start":{"line":11,"column":23},"end":{"line":11,"column":32}},"11":{"start":{"line":12,"column":25},"end":{"line":12,"column":34}},"12":{"start":{"line":13,"column":24},"end":{"line":13,"column":33}}},"fnMap":{},"branchMap":{},"s":{"0":2,"1":2,"2":2,"3":2,"4":2,"5":2,"6":2,"7":2,"8":2,"9":2,"10":2,"11":2,"12":2},"f":{},"b":{},"_coverageSchema":"1a1c01bbd47fc00a2c39e90264f33305004495a9","hash":"325b5b055fd482f96292becdcb4a23a3124b8d00"}
,"/Users/adam/Documents/webdev/websites/voiceFlow/adams-component-library/src/constants/UI.constants.ts": {"path":"/Users/adam/Documents/webdev/websites/voiceFlow/adams-component-library/src/constants/UI.constants.ts","statementMap":{"0":{"start":{"line":1,"column":31},"end":{"line":1,"column":37}},"1":{"start":{"line":2,"column":32},"end":{"line":2,"column":38}},"2":{"start":{"line":3,"column":32},"end":{"line":3,"column":38}},"3":{"start":{"line":4,"column":31},"end":{"line":4,"column":37}},"4":{"start":{"line":5,"column":32},"end":{"line":5,"column":38}}},"fnMap":{},"branchMap":{},"s":{"0":1,"1":1,"2":1,"3":1,"4":1},"f":{},"b":{},"_coverageSchema":"1a1c01bbd47fc00a2c39e90264f33305004495a9","hash":"6fa018da7564970a7ad73903b32ae330da60be5e"}
}
