TN:
SF:src/UILibrary/Buttons/Button/Button.Enum.ts
FNF:0
FNH:0
LF:0
LH:0
BRF:0
BRH:0
end_of_record
TN:
SF:src/UILibrary/Buttons/Button/Button.styles.tsx
FNF:0
FNH:0
DA:7,1
DA:27,1
LF:2
LH:2
BRF:0
BRH:0
end_of_record
TN:
SF:src/UILibrary/Buttons/Button/Button.tsx
FN:16,(anonymous_0)
FN:20,(anonymous_1)
FN:24,(anonymous_2)
FN:28,(anonymous_3)
FNF:4
FNH:3
FNDA:4,(anonymous_0)
FNDA:3,(anonymous_1)
FNDA:3,(anonymous_2)
FNDA:0,(anonymous_3)
DA:16,1
DA:17,4
DA:18,4
DA:20,4
DA:21,3
DA:24,4
DA:25,3
DA:26,3
DA:28,0
DA:29,0
DA:34,4
LF:11
LH:9
BRDA:25,0,0,3
BRDA:25,0,1,0
BRDA:25,1,0,3
BRDA:25,1,1,1
BRDA:26,2,0,3
BRDA:26,2,1,2
BRDA:42,3,0,1
BRDA:42,3,1,3
BRF:8
BRH:7
end_of_record
TN:
SF:src/UILibrary/Loaders/LoadingDot.tsx
FN:17,(anonymous_0)
FN:34,(anonymous_1)
FNF:2
FNH:2
FNDA:3,(anonymous_0)
FNDA:3,(anonymous_1)
DA:11,1
DA:17,3
DA:34,1
DA:35,3
DA:36,3
LF:5
LH:5
BRDA:34,0,0,0
BRF:1
BRH:0
end_of_record
TN:
SF:src/UILibrary/Loaders/LoadingDots.tsx
FN:21,(anonymous_0)
FNF:1
FNH:1
FNDA:1,(anonymous_0)
DA:7,1
DA:21,1
DA:22,1
DA:24,1
LF:4
LH:4
BRDA:21,0,0,1
BRF:1
BRH:1
end_of_record
TN:
SF:src/constants/CSS.constants.ts
FNF:0
FNH:0
DA:2,1
LF:1
LH:1
BRF:0
BRH:0
end_of_record
TN:
SF:src/constants/Colours.constants.ts
FNF:0
FNH:0
DA:1,1
DA:2,1
DA:3,1
DA:4,1
DA:5,1
DA:6,1
DA:7,1
DA:8,1
DA:9,1
DA:10,1
LF:10
LH:10
BRF:0
BRH:0
end_of_record
TN:
SF:src/constants/UI.constants.ts
FNF:0
FNH:0
DA:1,1
DA:2,1
DA:3,1
DA:4,1
DA:5,1
LF:5
LH:5
BRF:0
BRH:0
end_of_record
