TN:
SF:src/Helpers/makeStyles.tsx
FN:4,(anonymous_0)
FN:23,(anonymous_1)
FN:24,(anonymous_2)
FN:26,(anonymous_3)
FN:27,(anonymous_4)
FN:58,(anonymous_5)
FNF:6
FNH:2
FNDA:0,(anonymous_0)
FNDA:3,(anonymous_1)
FNDA:0,(anonymous_2)
FNDA:0,(anonymous_3)
FNDA:0,(anonymous_4)
FNDA:3,(anonymous_5)
DA:4,1
DA:5,0
DA:6,0
DA:8,0
DA:9,0
DA:11,0
DA:12,0
DA:14,0
DA:15,0
DA:17,0
DA:18,0
DA:20,0
DA:23,3
DA:24,0
DA:26,0
DA:27,0
DA:55,1
DA:58,1
DA:59,3
DA:61,3
DA:64,1
LF:21
LH:7
BRDA:5,0,0,0
BRDA:5,0,1,0
BRDA:8,1,0,0
BRDA:8,1,1,0
BRDA:11,2,0,0
BRDA:11,2,1,0
BRDA:14,3,0,0
BRDA:14,3,1,0
BRDA:17,4,0,0
BRDA:17,4,1,0
BRDA:24,5,0,0
BRDA:58,6,0,3
BRDA:61,7,0,3
BRDA:61,7,1,0
BRF:14
BRH:2
end_of_record
TN:
SF:src/UILibrary/Image/Image.Enum.ts
FNF:0
FNH:0
LF:0
LH:0
BRF:0
BRH:0
end_of_record
TN:
SF:src/UILibrary/Image/Image.styles.tsx
FN:3,(anonymous_0)
FNF:1
FNH:1
FNDA:3,(anonymous_0)
DA:3,1
DA:4,3
LF:2
LH:2
BRF:0
BRH:0
end_of_record
TN:
SF:src/UILibrary/Image/Image.tsx
FN:9,(anonymous_0)
FNF:1
FNH:1
FNDA:3,(anonymous_0)
DA:9,1
DA:10,3
DA:12,3
LF:3
LH:3
BRF:0
BRH:0
end_of_record
